2024-02-09 14:45:18.678 [info] Added views:workbench.panel.markers.view in workbench.panel.markers
2024-02-09 14:45:18.678 [info] Added views:workbench.panel.output in workbench.panel.output
2024-02-09 14:45:18.678 [info] Added views:terminal in terminal
2024-02-09 14:45:18.678 [info] Added views:outline in workbench.view.explorer
2024-02-09 14:45:18.678 [info] Added views:workbench.scm in workbench.view.scm
2024-02-09 14:45:18.678 [info] Added views:workbench.view.search in workbench.view.search
2024-02-09 14:45:18.678 [info] Added views:timeline in workbench.view.explorer
2024-02-09 14:45:18.678 [info] Added views:workbench.explorer.fileView in workbench.view.explorer
2024-02-09 14:45:18.852 [info] Added views:workbench.debug.variablesView,workbench.debug.watchExpressionsView,workbench.debug.callStackView,workbench.debug.breakPointsView in workbench.view.debug
2024-02-09 14:45:19.260 [info] Added views:workbench.panel.repl.view in workbench.panel.repl
2024-02-09 14:45:20.322 [info] Added views:~remote.forwardedPorts in ~remote.forwardedPortsContainer
2024-02-09 14:45:27.477 [info] Added views:workbench.panel.markers.view in workbench.panel.markers
2024-02-09 14:45:27.477 [info] Added views:workbench.panel.output in workbench.panel.output
2024-02-09 14:45:27.477 [info] Added views:terminal in terminal
2024-02-09 14:45:27.477 [info] Added views:outline in workbench.view.explorer
2024-02-09 14:45:27.477 [info] Added views:workbench.scm in workbench.view.scm
2024-02-09 14:45:27.477 [info] Added views:workbench.view.search in workbench.view.search
2024-02-09 14:45:27.477 [info] Added views:timeline in workbench.view.explorer
2024-02-09 14:45:27.477 [info] Added views:workbench.explorer.fileView in workbench.view.explorer
2024-02-09 14:45:27.752 [info] Added views:workbench.debug.variablesView,workbench.debug.watchExpressionsView,workbench.debug.callStackView,workbench.debug.breakPointsView in workbench.view.debug
2024-02-09 14:45:27.795 [info] Added views:~remote.forwardedPorts in ~remote.forwardedPortsContainer
2024-02-09 14:45:28.081 [info] Added views:workbench.panel.repl.view in workbench.panel.repl
2024-02-09 14:48:43.621 [info] Added views:workbench.debug.loadedScriptsView in workbench.view.debug
2024-02-09 14:54:39.197 [info] Removed views:workbench.debug.loadedScriptsView from workbench.view.debug
2024-02-09 14:54:41.958 [info] Added views:workbench.debug.loadedScriptsView in workbench.view.debug
